<?xml version="1.0" encoding="UTF-8"?>
<testsuite xmlns:xsi="http://www.w3.org/2001/XMLSchema-instance" xsi:noNamespaceSchemaLocation="https://maven.apache.org/surefire/maven-surefire-plugin/xsd/surefire-test-report.xsd" name="TestSuite" time="1.092" tests="1" errors="0" skipped="0" failures="0">
  <properties>
    <property name="sun.desktop" value="windows"/>
    <property name="awt.toolkit" value="sun.awt.windows.WToolkit"/>
    <property name="file.encoding.pkg" value="sun.io"/>
    <property name="java.specification.version" value="1.8"/>
    <property name="sun.cpu.isalist" value="amd64"/>
    <property name="sun.jnu.encoding" value="Cp1252"/>
    <property name="java.class.path" value="C:\Users\Dell\eclipse-workspace\MavenDemo\target\test-classes;C:\Users\Dell\eclipse-workspace\MavenDemo\target\classes;C:\Users\Dell\.m2\repository\org\testng\testng\7.3.0\testng-7.3.0.jar;C:\Users\Dell\.m2\repository\com\beust\jcommander\1.78\jcommander-1.78.jar;C:\Users\Dell\.m2\repository\org\apache\ant\ant\1.10.3\ant-1.10.3.jar;C:\Users\Dell\.m2\repository\org\apache\ant\ant-launcher\1.10.3\ant-launcher-1.10.3.jar;C:\Users\Dell\.m2\repository\junit\junit\4.12\junit-4.12.jar;C:\Users\Dell\.m2\repository\org\hamcrest\hamcrest-core\1.3\hamcrest-core-1.3.jar;C:\Users\Dell\.m2\repository\com\google\inject\guice\4.2.2\guice-4.2.2-no_aop.jar;C:\Users\Dell\.m2\repository\javax\inject\javax.inject\1\javax.inject-1.jar;C:\Users\Dell\.m2\repository\aopalliance\aopalliance\1.0\aopalliance-1.0.jar;C:\Users\Dell\.m2\repository\com\google\guava\guava\25.1-android\guava-25.1-android.jar;C:\Users\Dell\.m2\repository\com\google\code\findbugs\jsr305\3.0.2\jsr305-3.0.2.jar;C:\Users\Dell\.m2\repository\org\checkerframework\checker-compat-qual\2.0.0\checker-compat-qual-2.0.0.jar;C:\Users\Dell\.m2\repository\com\google\errorprone\error_prone_annotations\2.1.3\error_prone_annotations-2.1.3.jar;C:\Users\Dell\.m2\repository\com\google\j2objc\j2objc-annotations\1.1\j2objc-annotations-1.1.jar;C:\Users\Dell\.m2\repository\org\codehaus\mojo\animal-sniffer-annotations\1.14\animal-sniffer-annotations-1.14.jar;C:\Users\Dell\.m2\repository\org\yaml\snakeyaml\1.21\snakeyaml-1.21.jar;C:\Users\Dell\.m2\repository\org\seleniumhq\selenium\selenium-java\4.0.0-beta-4\selenium-java-4.0.0-beta-4.jar;C:\Users\Dell\.m2\repository\org\seleniumhq\selenium\selenium-api\4.0.0-beta-4\selenium-api-4.0.0-beta-4.jar;C:\Users\Dell\.m2\repository\org\seleniumhq\selenium\selenium-chrome-driver\4.0.0-beta-4\selenium-chrome-driver-4.0.0-beta-4.jar;C:\Users\Dell\.m2\repository\com\google\auto\service\auto-service-annotations\1.0\auto-service-annotations-1.0.jar;C:\Users\Dell\.m2\repository\com\google\auto\service\auto-service\1.0\auto-service-1.0.jar;C:\Users\Dell\.m2\repository\com\google\auto\auto-common\1.0\auto-common-1.0.jar;C:\Users\Dell\.m2\repository\org\seleniumhq\selenium\selenium-chromium-driver\4.0.0-beta-4\selenium-chromium-driver-4.0.0-beta-4.jar;C:\Users\Dell\.m2\repository\org\seleniumhq\selenium\selenium-devtools\4.0.0-beta-4\selenium-devtools-4.0.0-beta-4.jar;C:\Users\Dell\.m2\repository\org\seleniumhq\selenium\selenium-http\4.0.0-beta-4\selenium-http-4.0.0-beta-4.jar;C:\Users\Dell\.m2\repository\org\seleniumhq\selenium\selenium-json\4.0.0-beta-4\selenium-json-4.0.0-beta-4.jar;C:\Users\Dell\.m2\repository\org\seleniumhq\selenium\selenium-devtools-v85\4.0.0-beta-4\selenium-devtools-v85-4.0.0-beta-4.jar;C:\Users\Dell\.m2\repository\org\seleniumhq\selenium\selenium-devtools-v88\4.0.0-beta-4\selenium-devtools-v88-4.0.0-beta-4.jar;C:\Users\Dell\.m2\repository\org\seleniumhq\selenium\selenium-devtools-v89\4.0.0-beta-4\selenium-devtools-v89-4.0.0-beta-4.jar;C:\Users\Dell\.m2\repository\org\seleniumhq\selenium\selenium-devtools-v90\4.0.0-beta-4\selenium-devtools-v90-4.0.0-beta-4.jar;C:\Users\Dell\.m2\repository\org\seleniumhq\selenium\selenium-devtools-v91\4.0.0-beta-4\selenium-devtools-v91-4.0.0-beta-4.jar;C:\Users\Dell\.m2\repository\org\seleniumhq\selenium\selenium-edge-driver\4.0.0-beta-4\selenium-edge-driver-4.0.0-beta-4.jar;C:\Users\Dell\.m2\repository\org\seleniumhq\selenium\selenium-firefox-driver\4.0.0-beta-4\selenium-firefox-driver-4.0.0-beta-4.jar;C:\Users\Dell\.m2\repository\org\seleniumhq\selenium\selenium-firefox-xpi-driver\4.0.0-beta-4\selenium-firefox-xpi-driver-4.0.0-beta-4.jar;C:\Users\Dell\.m2\repository\org\seleniumhq\selenium\selenium-ie-driver\4.0.0-beta-4\selenium-ie-driver-4.0.0-beta-4.jar;C:\Users\Dell\.m2\repository\org\seleniumhq\selenium\selenium-opera-driver\4.0.0-beta-4\selenium-opera-driver-4.0.0-beta-4.jar;C:\Users\Dell\.m2\repository\org\seleniumhq\selenium\selenium-remote-driver\4.0.0-beta-4\selenium-remote-driver-4.0.0-beta-4.jar;C:\Users\Dell\.m2\repository\io\netty\netty-buffer\4.1.63.Final\netty-buffer-4.1.63.Final.jar;C:\Users\Dell\.m2\repository\io\netty\netty-codec-http\4.1.63.Final\netty-codec-http-4.1.63.Final.jar;C:\Users\Dell\.m2\repository\io\netty\netty-codec\4.1.63.Final\netty-codec-4.1.63.Final.jar;C:\Users\Dell\.m2\repository\io\netty\netty-handler\4.1.63.Final\netty-handler-4.1.63.Final.jar;C:\Users\Dell\.m2\repository\io\netty\netty-common\4.1.63.Final\netty-common-4.1.63.Final.jar;C:\Users\Dell\.m2\repository\io\netty\netty-transport-native-epoll\4.1.63.Final\netty-transport-native-epoll-4.1.63.Final.jar;C:\Users\Dell\.m2\repository\io\netty\netty-transport-native-kqueue\4.1.63.Final\netty-transport-native-kqueue-4.1.63.Final.jar;C:\Users\Dell\.m2\repository\io\netty\netty-transport-native-unix-common\4.1.63.Final\netty-transport-native-unix-common-4.1.63.Final.jar;C:\Users\Dell\.m2\repository\io\netty\netty-transport\4.1.63.Final\netty-transport-4.1.63.Final.jar;C:\Users\Dell\.m2\repository\io\netty\netty-resolver\4.1.63.Final\netty-resolver-4.1.63.Final.jar;C:\Users\Dell\.m2\repository\io\opentelemetry\opentelemetry-api\1.2.0\opentelemetry-api-1.2.0.jar;C:\Users\Dell\.m2\repository\io\opentelemetry\opentelemetry-context\1.2.0\opentelemetry-context-1.2.0.jar;C:\Users\Dell\.m2\repository\io\opentelemetry\opentelemetry-exporter-logging\1.2.0\opentelemetry-exporter-logging-1.2.0.jar;C:\Users\Dell\.m2\repository\io\opentelemetry\opentelemetry-sdk-metrics\1.2.0-alpha\opentelemetry-sdk-metrics-1.2.0-alpha.jar;C:\Users\Dell\.m2\repository\io\opentelemetry\opentelemetry-sdk-common\1.2.0\opentelemetry-sdk-common-1.2.0.jar;C:\Users\Dell\.m2\repository\io\opentelemetry\opentelemetry-sdk-extension-autoconfigure\1.2.0-alpha\opentelemetry-sdk-extension-autoconfigure-1.2.0-alpha.jar;C:\Users\Dell\.m2\repository\io\opentelemetry\opentelemetry-sdk-trace\1.2.0\opentelemetry-sdk-trace-1.2.0.jar;C:\Users\Dell\.m2\repository\io\opentelemetry\opentelemetry-api-metrics\1.2.0-alpha\opentelemetry-api-metrics-1.2.0-alpha.jar;C:\Users\Dell\.m2\repository\io\opentelemetry\opentelemetry-sdk\1.2.0\opentelemetry-sdk-1.2.0.jar;C:\Users\Dell\.m2\repository\io\opentelemetry\opentelemetry-semconv\1.2.0-alpha\opentelemetry-semconv-1.2.0-alpha.jar;C:\Users\Dell\.m2\repository\io\ous\jtoml\2.0.0\jtoml-2.0.0.jar;C:\Users\Dell\.m2\repository\net\bytebuddy\byte-buddy\1.11.0\byte-buddy-1.11.0.jar;C:\Users\Dell\.m2\repository\org\apache\commons\commons-exec\1.3\commons-exec-1.3.jar;C:\Users\Dell\.m2\repository\org\asynchttpclient\async-http-client\2.12.3\async-http-client-2.12.3.jar;C:\Users\Dell\.m2\repository\org\asynchttpclient\async-http-client-netty-utils\2.12.3\async-http-client-netty-utils-2.12.3.jar;C:\Users\Dell\.m2\repository\io\netty\netty-codec-socks\4.1.60.Final\netty-codec-socks-4.1.60.Final.jar;C:\Users\Dell\.m2\repository\io\netty\netty-handler-proxy\4.1.60.Final\netty-handler-proxy-4.1.60.Final.jar;C:\Users\Dell\.m2\repository\io\netty\netty-transport-native-epoll\4.1.60.Final\netty-transport-native-epoll-4.1.60.Final-linux-x86_64.jar;C:\Users\Dell\.m2\repository\io\netty\netty-transport-native-kqueue\4.1.60.Final\netty-transport-native-kqueue-4.1.60.Final-osx-x86_64.jar;C:\Users\Dell\.m2\repository\org\reactivestreams\reactive-streams\1.0.3\reactive-streams-1.0.3.jar;C:\Users\Dell\.m2\repository\com\typesafe\netty\netty-reactive-streams\2.0.4\netty-reactive-streams-2.0.4.jar;C:\Users\Dell\.m2\repository\com\sun\activation\jakarta.activation\1.2.2\jakarta.activation-1.2.2.jar;C:\Users\Dell\.m2\repository\org\seleniumhq\selenium\selenium-safari-driver\4.0.0-beta-4\selenium-safari-driver-4.0.0-beta-4.jar;C:\Users\Dell\.m2\repository\org\seleniumhq\selenium\selenium-support\4.0.0-beta-4\selenium-support-4.0.0-beta-4.jar;C:\Users\Dell\.m2\repository\io\rest-assured\rest-assured\4.3.3\rest-assured-4.3.3.jar;C:\Users\Dell\.m2\repository\org\codehaus\groovy\groovy\3.0.7\groovy-3.0.7.jar;C:\Users\Dell\.m2\repository\org\codehaus\groovy\groovy-xml\3.0.7\groovy-xml-3.0.7.jar;C:\Users\Dell\.m2\repository\org\apache\httpcomponents\httpclient\4.5.3\httpclient-4.5.3.jar;C:\Users\Dell\.m2\repository\org\apache\httpcomponents\httpcore\4.4.6\httpcore-4.4.6.jar;C:\Users\Dell\.m2\repository\commons-logging\commons-logging\1.2\commons-logging-1.2.jar;C:\Users\Dell\.m2\repository\commons-codec\commons-codec\1.9\commons-codec-1.9.jar;C:\Users\Dell\.m2\repository\org\apache\httpcomponents\httpmime\4.5.3\httpmime-4.5.3.jar;C:\Users\Dell\.m2\repository\org\hamcrest\hamcrest\2.1\hamcrest-2.1.jar;C:\Users\Dell\.m2\repository\org\ccil\cowan\tagsoup\tagsoup\1.2.1\tagsoup-1.2.1.jar;C:\Users\Dell\.m2\repository\io\rest-assured\json-path\4.3.3\json-path-4.3.3.jar;C:\Users\Dell\.m2\repository\org\codehaus\groovy\groovy-json\3.0.7\groovy-json-3.0.7.jar;C:\Users\Dell\.m2\repository\io\rest-assured\rest-assured-common\4.3.3\rest-assured-common-4.3.3.jar;C:\Users\Dell\.m2\repository\io\rest-assured\xml-path\4.3.3\xml-path-4.3.3.jar;C:\Users\Dell\.m2\repository\jakarta\xml\bind\jakarta.xml.bind-api\2.3.3\jakarta.xml.bind-api-2.3.3.jar;C:\Users\Dell\.m2\repository\jakarta\activation\jakarta.activation-api\1.2.2\jakarta.activation-api-1.2.2.jar;C:\Users\Dell\.m2\repository\com\sun\xml\bind\jaxb-impl\2.3.3\jaxb-impl-2.3.3.jar;C:\Users\Dell\.m2\repository\io\appium\java-client\7.5.1\java-client-7.5.1.jar;C:\Users\Dell\.m2\repository\com\google\code\gson\gson\2.8.6\gson-2.8.6.jar;C:\Users\Dell\.m2\repository\cglib\cglib\3.3.0\cglib-3.3.0.jar;C:\Users\Dell\.m2\repository\org\ow2\asm\asm\7.1\asm-7.1.jar;C:\Users\Dell\.m2\repository\commons-validator\commons-validator\1.7\commons-validator-1.7.jar;C:\Users\Dell\.m2\repository\commons-beanutils\commons-beanutils\1.9.4\commons-beanutils-1.9.4.jar;C:\Users\Dell\.m2\repository\commons-digester\commons-digester\2.1\commons-digester-2.1.jar;C:\Users\Dell\.m2\repository\commons-collections\commons-collections\3.2.2\commons-collections-3.2.2.jar;C:\Users\Dell\.m2\repository\org\apache\commons\commons-lang3\3.12.0\commons-lang3-3.12.0.jar;C:\Users\Dell\.m2\repository\commons-io\commons-io\2.8.0\commons-io-2.8.0.jar;C:\Users\Dell\.m2\repository\org\springframework\spring-context\5.3.4\spring-context-5.3.4.jar;C:\Users\Dell\.m2\repository\org\springframework\spring-aop\5.3.4\spring-aop-5.3.4.jar;C:\Users\Dell\.m2\repository\org\springframework\spring-beans\5.3.4\spring-beans-5.3.4.jar;C:\Users\Dell\.m2\repository\org\springframework\spring-core\5.3.4\spring-core-5.3.4.jar;C:\Users\Dell\.m2\repository\org\springframework\spring-jcl\5.3.4\spring-jcl-5.3.4.jar;C:\Users\Dell\.m2\repository\org\springframework\spring-expression\5.3.4\spring-expression-5.3.4.jar;C:\Users\Dell\.m2\repository\org\aspectj\aspectjweaver\1.9.6\aspectjweaver-1.9.6.jar;C:\Users\Dell\.m2\repository\org\slf4j\slf4j-api\1.7.30\slf4j-api-1.7.30.jar;"/>
    <property name="java.vm.vendor" value="Oracle Corporation"/>
    <property name="sun.arch.data.model" value="64"/>
    <property name="user.variant" value=""/>
    <property name="java.vendor.url" value="http://java.oracle.com/"/>
    <property name="user.timezone" value="Asia/Calcutta"/>
    <property name="java.vm.specification.version" value="1.8"/>
    <property name="os.name" value="Windows 10"/>
    <property name="user.country" value="US"/>
    <property name="sun.java.launcher" value="SUN_STANDARD"/>
    <property name="sun.boot.library.path" value="C:\Program Files\Java\jdk1.8.0_111\jre\bin"/>
    <property name="sun.java.command" value="C:\Users\Dell\AppData\Local\Temp\surefire6285721404394228457\surefirebooter8007884130491643497.jar C:\Users\Dell\AppData\Local\Temp\surefire6285721404394228457 2021-08-05T20-26-47_582-jvmRun1 surefire5454232456742160505tmp surefire_08330947788101019871tmp"/>
    <property name="surefire.test.class.path" value="C:\Users\Dell\eclipse-workspace\MavenDemo\target\test-classes;C:\Users\Dell\eclipse-workspace\MavenDemo\target\classes;C:\Users\Dell\.m2\repository\org\testng\testng\7.3.0\testng-7.3.0.jar;C:\Users\Dell\.m2\repository\com\beust\jcommander\1.78\jcommander-1.78.jar;C:\Users\Dell\.m2\repository\org\apache\ant\ant\1.10.3\ant-1.10.3.jar;C:\Users\Dell\.m2\repository\org\apache\ant\ant-launcher\1.10.3\ant-launcher-1.10.3.jar;C:\Users\Dell\.m2\repository\junit\junit\4.12\junit-4.12.jar;C:\Users\Dell\.m2\repository\org\hamcrest\hamcrest-core\1.3\hamcrest-core-1.3.jar;C:\Users\Dell\.m2\repository\com\google\inject\guice\4.2.2\guice-4.2.2-no_aop.jar;C:\Users\Dell\.m2\repository\javax\inject\javax.inject\1\javax.inject-1.jar;C:\Users\Dell\.m2\repository\aopalliance\aopalliance\1.0\aopalliance-1.0.jar;C:\Users\Dell\.m2\repository\com\google\guava\guava\25.1-android\guava-25.1-android.jar;C:\Users\Dell\.m2\repository\com\google\code\findbugs\jsr305\3.0.2\jsr305-3.0.2.jar;C:\Users\Dell\.m2\repository\org\checkerframework\checker-compat-qual\2.0.0\checker-compat-qual-2.0.0.jar;C:\Users\Dell\.m2\repository\com\google\errorprone\error_prone_annotations\2.1.3\error_prone_annotations-2.1.3.jar;C:\Users\Dell\.m2\repository\com\google\j2objc\j2objc-annotations\1.1\j2objc-annotations-1.1.jar;C:\Users\Dell\.m2\repository\org\codehaus\mojo\animal-sniffer-annotations\1.14\animal-sniffer-annotations-1.14.jar;C:\Users\Dell\.m2\repository\org\yaml\snakeyaml\1.21\snakeyaml-1.21.jar;C:\Users\Dell\.m2\repository\org\seleniumhq\selenium\selenium-java\4.0.0-beta-4\selenium-java-4.0.0-beta-4.jar;C:\Users\Dell\.m2\repository\org\seleniumhq\selenium\selenium-api\4.0.0-beta-4\selenium-api-4.0.0-beta-4.jar;C:\Users\Dell\.m2\repository\org\seleniumhq\selenium\selenium-chrome-driver\4.0.0-beta-4\selenium-chrome-driver-4.0.0-beta-4.jar;C:\Users\Dell\.m2\repository\com\google\auto\service\auto-service-annotations\1.0\auto-service-annotations-1.0.jar;C:\Users\Dell\.m2\repository\com\google\auto\service\auto-service\1.0\auto-service-1.0.jar;C:\Users\Dell\.m2\repository\com\google\auto\auto-common\1.0\auto-common-1.0.jar;C:\Users\Dell\.m2\repository\org\seleniumhq\selenium\selenium-chromium-driver\4.0.0-beta-4\selenium-chromium-driver-4.0.0-beta-4.jar;C:\Users\Dell\.m2\repository\org\seleniumhq\selenium\selenium-devtools\4.0.0-beta-4\selenium-devtools-4.0.0-beta-4.jar;C:\Users\Dell\.m2\repository\org\seleniumhq\selenium\selenium-http\4.0.0-beta-4\selenium-http-4.0.0-beta-4.jar;C:\Users\Dell\.m2\repository\org\seleniumhq\selenium\selenium-json\4.0.0-beta-4\selenium-json-4.0.0-beta-4.jar;C:\Users\Dell\.m2\repository\org\seleniumhq\selenium\selenium-devtools-v85\4.0.0-beta-4\selenium-devtools-v85-4.0.0-beta-4.jar;C:\Users\Dell\.m2\repository\org\seleniumhq\selenium\selenium-devtools-v88\4.0.0-beta-4\selenium-devtools-v88-4.0.0-beta-4.jar;C:\Users\Dell\.m2\repository\org\seleniumhq\selenium\selenium-devtools-v89\4.0.0-beta-4\selenium-devtools-v89-4.0.0-beta-4.jar;C:\Users\Dell\.m2\repository\org\seleniumhq\selenium\selenium-devtools-v90\4.0.0-beta-4\selenium-devtools-v90-4.0.0-beta-4.jar;C:\Users\Dell\.m2\repository\org\seleniumhq\selenium\selenium-devtools-v91\4.0.0-beta-4\selenium-devtools-v91-4.0.0-beta-4.jar;C:\Users\Dell\.m2\repository\org\seleniumhq\selenium\selenium-edge-driver\4.0.0-beta-4\selenium-edge-driver-4.0.0-beta-4.jar;C:\Users\Dell\.m2\repository\org\seleniumhq\selenium\selenium-firefox-driver\4.0.0-beta-4\selenium-firefox-driver-4.0.0-beta-4.jar;C:\Users\Dell\.m2\repository\org\seleniumhq\selenium\selenium-firefox-xpi-driver\4.0.0-beta-4\selenium-firefox-xpi-driver-4.0.0-beta-4.jar;C:\Users\Dell\.m2\repository\org\seleniumhq\selenium\selenium-ie-driver\4.0.0-beta-4\selenium-ie-driver-4.0.0-beta-4.jar;C:\Users\Dell\.m2\repository\org\seleniumhq\selenium\selenium-opera-driver\4.0.0-beta-4\selenium-opera-driver-4.0.0-beta-4.jar;C:\Users\Dell\.m2\repository\org\seleniumhq\selenium\selenium-remote-driver\4.0.0-beta-4\selenium-remote-driver-4.0.0-beta-4.jar;C:\Users\Dell\.m2\repository\io\netty\netty-buffer\4.1.63.Final\netty-buffer-4.1.63.Final.jar;C:\Users\Dell\.m2\repository\io\netty\netty-codec-http\4.1.63.Final\netty-codec-http-4.1.63.Final.jar;C:\Users\Dell\.m2\repository\io\netty\netty-codec\4.1.63.Final\netty-codec-4.1.63.Final.jar;C:\Users\Dell\.m2\repository\io\netty\netty-handler\4.1.63.Final\netty-handler-4.1.63.Final.jar;C:\Users\Dell\.m2\repository\io\netty\netty-common\4.1.63.Final\netty-common-4.1.63.Final.jar;C:\Users\Dell\.m2\repository\io\netty\netty-transport-native-epoll\4.1.63.Final\netty-transport-native-epoll-4.1.63.Final.jar;C:\Users\Dell\.m2\repository\io\netty\netty-transport-native-kqueue\4.1.63.Final\netty-transport-native-kqueue-4.1.63.Final.jar;C:\Users\Dell\.m2\repository\io\netty\netty-transport-native-unix-common\4.1.63.Final\netty-transport-native-unix-common-4.1.63.Final.jar;C:\Users\Dell\.m2\repository\io\netty\netty-transport\4.1.63.Final\netty-transport-4.1.63.Final.jar;C:\Users\Dell\.m2\repository\io\netty\netty-resolver\4.1.63.Final\netty-resolver-4.1.63.Final.jar;C:\Users\Dell\.m2\repository\io\opentelemetry\opentelemetry-api\1.2.0\opentelemetry-api-1.2.0.jar;C:\Users\Dell\.m2\repository\io\opentelemetry\opentelemetry-context\1.2.0\opentelemetry-context-1.2.0.jar;C:\Users\Dell\.m2\repository\io\opentelemetry\opentelemetry-exporter-logging\1.2.0\opentelemetry-exporter-logging-1.2.0.jar;C:\Users\Dell\.m2\repository\io\opentelemetry\opentelemetry-sdk-metrics\1.2.0-alpha\opentelemetry-sdk-metrics-1.2.0-alpha.jar;C:\Users\Dell\.m2\repository\io\opentelemetry\opentelemetry-sdk-common\1.2.0\opentelemetry-sdk-common-1.2.0.jar;C:\Users\Dell\.m2\repository\io\opentelemetry\opentelemetry-sdk-extension-autoconfigure\1.2.0-alpha\opentelemetry-sdk-extension-autoconfigure-1.2.0-alpha.jar;C:\Users\Dell\.m2\repository\io\opentelemetry\opentelemetry-sdk-trace\1.2.0\opentelemetry-sdk-trace-1.2.0.jar;C:\Users\Dell\.m2\repository\io\opentelemetry\opentelemetry-api-metrics\1.2.0-alpha\opentelemetry-api-metrics-1.2.0-alpha.jar;C:\Users\Dell\.m2\repository\io\opentelemetry\opentelemetry-sdk\1.2.0\opentelemetry-sdk-1.2.0.jar;C:\Users\Dell\.m2\repository\io\opentelemetry\opentelemetry-semconv\1.2.0-alpha\opentelemetry-semconv-1.2.0-alpha.jar;C:\Users\Dell\.m2\repository\io\ous\jtoml\2.0.0\jtoml-2.0.0.jar;C:\Users\Dell\.m2\repository\net\bytebuddy\byte-buddy\1.11.0\byte-buddy-1.11.0.jar;C:\Users\Dell\.m2\repository\org\apache\commons\commons-exec\1.3\commons-exec-1.3.jar;C:\Users\Dell\.m2\repository\org\asynchttpclient\async-http-client\2.12.3\async-http-client-2.12.3.jar;C:\Users\Dell\.m2\repository\org\asynchttpclient\async-http-client-netty-utils\2.12.3\async-http-client-netty-utils-2.12.3.jar;C:\Users\Dell\.m2\repository\io\netty\netty-codec-socks\4.1.60.Final\netty-codec-socks-4.1.60.Final.jar;C:\Users\Dell\.m2\repository\io\netty\netty-handler-proxy\4.1.60.Final\netty-handler-proxy-4.1.60.Final.jar;C:\Users\Dell\.m2\repository\io\netty\netty-transport-native-epoll\4.1.60.Final\netty-transport-native-epoll-4.1.60.Final-linux-x86_64.jar;C:\Users\Dell\.m2\repository\io\netty\netty-transport-native-kqueue\4.1.60.Final\netty-transport-native-kqueue-4.1.60.Final-osx-x86_64.jar;C:\Users\Dell\.m2\repository\org\reactivestreams\reactive-streams\1.0.3\reactive-streams-1.0.3.jar;C:\Users\Dell\.m2\repository\com\typesafe\netty\netty-reactive-streams\2.0.4\netty-reactive-streams-2.0.4.jar;C:\Users\Dell\.m2\repository\com\sun\activation\jakarta.activation\1.2.2\jakarta.activation-1.2.2.jar;C:\Users\Dell\.m2\repository\org\seleniumhq\selenium\selenium-safari-driver\4.0.0-beta-4\selenium-safari-driver-4.0.0-beta-4.jar;C:\Users\Dell\.m2\repository\org\seleniumhq\selenium\selenium-support\4.0.0-beta-4\selenium-support-4.0.0-beta-4.jar;C:\Users\Dell\.m2\repository\io\rest-assured\rest-assured\4.3.3\rest-assured-4.3.3.jar;C:\Users\Dell\.m2\repository\org\codehaus\groovy\groovy\3.0.7\groovy-3.0.7.jar;C:\Users\Dell\.m2\repository\org\codehaus\groovy\groovy-xml\3.0.7\groovy-xml-3.0.7.jar;C:\Users\Dell\.m2\repository\org\apache\httpcomponents\httpclient\4.5.3\httpclient-4.5.3.jar;C:\Users\Dell\.m2\repository\org\apache\httpcomponents\httpcore\4.4.6\httpcore-4.4.6.jar;C:\Users\Dell\.m2\repository\commons-logging\commons-logging\1.2\commons-logging-1.2.jar;C:\Users\Dell\.m2\repository\commons-codec\commons-codec\1.9\commons-codec-1.9.jar;C:\Users\Dell\.m2\repository\org\apache\httpcomponents\httpmime\4.5.3\httpmime-4.5.3.jar;C:\Users\Dell\.m2\repository\org\hamcrest\hamcrest\2.1\hamcrest-2.1.jar;C:\Users\Dell\.m2\repository\org\ccil\cowan\tagsoup\tagsoup\1.2.1\tagsoup-1.2.1.jar;C:\Users\Dell\.m2\repository\io\rest-assured\json-path\4.3.3\json-path-4.3.3.jar;C:\Users\Dell\.m2\repository\org\codehaus\groovy\groovy-json\3.0.7\groovy-json-3.0.7.jar;C:\Users\Dell\.m2\repository\io\rest-assured\rest-assured-common\4.3.3\rest-assured-common-4.3.3.jar;C:\Users\Dell\.m2\repository\io\rest-assured\xml-path\4.3.3\xml-path-4.3.3.jar;C:\Users\Dell\.m2\repository\jakarta\xml\bind\jakarta.xml.bind-api\2.3.3\jakarta.xml.bind-api-2.3.3.jar;C:\Users\Dell\.m2\repository\jakarta\activation\jakarta.activation-api\1.2.2\jakarta.activation-api-1.2.2.jar;C:\Users\Dell\.m2\repository\com\sun\xml\bind\jaxb-impl\2.3.3\jaxb-impl-2.3.3.jar;C:\Users\Dell\.m2\repository\io\appium\java-client\7.5.1\java-client-7.5.1.jar;C:\Users\Dell\.m2\repository\com\google\code\gson\gson\2.8.6\gson-2.8.6.jar;C:\Users\Dell\.m2\repository\cglib\cglib\3.3.0\cglib-3.3.0.jar;C:\Users\Dell\.m2\repository\org\ow2\asm\asm\7.1\asm-7.1.jar;C:\Users\Dell\.m2\repository\commons-validator\commons-validator\1.7\commons-validator-1.7.jar;C:\Users\Dell\.m2\repository\commons-beanutils\commons-beanutils\1.9.4\commons-beanutils-1.9.4.jar;C:\Users\Dell\.m2\repository\commons-digester\commons-digester\2.1\commons-digester-2.1.jar;C:\Users\Dell\.m2\repository\commons-collections\commons-collections\3.2.2\commons-collections-3.2.2.jar;C:\Users\Dell\.m2\repository\org\apache\commons\commons-lang3\3.12.0\commons-lang3-3.12.0.jar;C:\Users\Dell\.m2\repository\commons-io\commons-io\2.8.0\commons-io-2.8.0.jar;C:\Users\Dell\.m2\repository\org\springframework\spring-context\5.3.4\spring-context-5.3.4.jar;C:\Users\Dell\.m2\repository\org\springframework\spring-aop\5.3.4\spring-aop-5.3.4.jar;C:\Users\Dell\.m2\repository\org\springframework\spring-beans\5.3.4\spring-beans-5.3.4.jar;C:\Users\Dell\.m2\repository\org\springframework\spring-core\5.3.4\spring-core-5.3.4.jar;C:\Users\Dell\.m2\repository\org\springframework\spring-jcl\5.3.4\spring-jcl-5.3.4.jar;C:\Users\Dell\.m2\repository\org\springframework\spring-expression\5.3.4\spring-expression-5.3.4.jar;C:\Users\Dell\.m2\repository\org\aspectj\aspectjweaver\1.9.6\aspectjweaver-1.9.6.jar;C:\Users\Dell\.m2\repository\org\slf4j\slf4j-api\1.7.30\slf4j-api-1.7.30.jar;"/>
    <property name="sun.cpu.endian" value="little"/>
    <property name="user.home" value="C:\Users\Dell"/>
    <property name="user.language" value="en"/>
    <property name="java.specification.vendor" value="Oracle Corporation"/>
    <property name="java.home" value="C:\Program Files\Java\jdk1.8.0_111\jre"/>
    <property name="basedir" value="C:\Users\Dell\eclipse-workspace\MavenDemo"/>
    <property name="file.separator" value="\"/>
    <property name="line.separator" value="&#10;"/>
    <property name="java.vm.specification.vendor" value="Oracle Corporation"/>
    <property name="java.specification.name" value="Java Platform API Specification"/>
    <property name="java.awt.graphicsenv" value="sun.awt.Win32GraphicsEnvironment"/>
    <property name="surefire.real.class.path" value="C:\Users\Dell\AppData\Local\Temp\surefire6285721404394228457\surefirebooter8007884130491643497.jar"/>
    <property name="sun.boot.class.path" value="C:\Program Files\Java\jdk1.8.0_111\jre\lib\resources.jar;C:\Program Files\Java\jdk1.8.0_111\jre\lib\rt.jar;C:\Program Files\Java\jdk1.8.0_111\jre\lib\sunrsasign.jar;C:\Program Files\Java\jdk1.8.0_111\jre\lib\jsse.jar;C:\Program Files\Java\jdk1.8.0_111\jre\lib\jce.jar;C:\Program Files\Java\jdk1.8.0_111\jre\lib\charsets.jar;C:\Program Files\Java\jdk1.8.0_111\jre\lib\jfr.jar;C:\Program Files\Java\jdk1.8.0_111\jre\classes"/>
    <property name="user.script" value=""/>
    <property name="sun.management.compiler" value="HotSpot 64-Bit Tiered Compilers"/>
    <property name="java.runtime.version" value="1.8.0_111-b14"/>
    <property name="user.name" value="Dell"/>
    <property name="path.separator" value=";"/>
    <property name="os.version" value="10.0"/>
    <property name="java.endorsed.dirs" value="C:\Program Files\Java\jdk1.8.0_111\jre\lib\endorsed"/>
    <property name="java.runtime.name" value="Java(TM) SE Runtime Environment"/>
    <property name="file.encoding" value="Cp1252"/>
    <property name="java.vm.name" value="Java HotSpot(TM) 64-Bit Server VM"/>
    <property name="localRepository" value="C:\Users\Dell\.m2\repository"/>
    <property name="java.vendor.url.bug" value="http://bugreport.sun.com/bugreport/"/>
    <property name="java.io.tmpdir" value="C:\Users\Dell\AppData\Local\Temp\"/>
    <property name="java.version" value="1.8.0_111"/>
    <property name="user.dir" value="C:\Users\Dell\eclipse-workspace\MavenDemo"/>
    <property name="os.arch" value="amd64"/>
    <property name="java.vm.specification.name" value="Java Virtual Machine Specification"/>
    <property name="java.awt.printerjob" value="sun.awt.windows.WPrinterJob"/>
    <property name="sun.os.patch.level" value=""/>
    <property name="java.library.path" value="C:\Program Files\Java\jdk1.8.0_111\jre\bin;C:\WINDOWS\Sun\Java\bin;C:\WINDOWS\system32;C:\WINDOWS;C:\apache-maven-3.8.1\bin;C:\Users\Dell\AppData\Local\Microsoft\WindowsApps;;."/>
    <property name="java.vm.info" value="mixed mode"/>
    <property name="java.vendor" value="Oracle Corporation"/>
    <property name="java.vm.version" value="25.111-b14"/>
    <property name="java.ext.dirs" value="C:\Program Files\Java\jdk1.8.0_111\jre\lib\ext;C:\WINDOWS\Sun\Java\lib\ext"/>
    <property name="sun.io.unicode.encoding" value="UnicodeLittle"/>
    <property name="java.class.version" value="52.0"/>
  </properties>
  <testcase name="BrowserAUTomation" classname="mavenTutorial.MavenDemo.SeleniumTest" time="0.008"/>
</testsuite>