<?xml version="1.0" encoding="UTF-8"?>
<!-- Generated by org.testng.reporters.JUnitReportReporter -->
<testsuite skipped="0" hostname="DESKTOP-C8V86VK" name="mavenTutorial.MavenDemo.SeleniumTest" tests="1" failures="0" timestamp="2021-08-05T20:26:50 IST" time="0.008" errors="0">
  <testcase name="BrowserAUTomation" time="0.008" classname="mavenTutorial.MavenDemo.SeleniumTest"/>
  <system-out/>
</testsuite> <!-- mavenTutorial.MavenDemo.SeleniumTest -->
